#
# A fatal error has been detected by the Java Runtime Environment:
#
#  EXCEPTION_ACCESS_VIOLATION (0xc0000005) at pc=0x000000007736a041, pid=11708, tid=0x0000000000002534
#
# JRE version: Java(TM) SE Runtime Environment (8.0_161-b12) (build 1.8.0_161-b12)
# Java VM: Java HotSpot(TM) 64-Bit Server VM (25.161-b12 mixed mode windows-amd64 compressed oops)
# Problematic frame:
# C  [ntdll.dll+0x2a041]
#
# Failed to write core dump. Minidumps are not enabled by default on client versions of Windows
#
# If you would like to submit a bug report, please visit:
#   http://bugreport.java.com/bugreport/crash.jsp
#

---------------  T H R E A D  ---------------

Current thread (0x00000000175cc800):  VMThread [stack: 0x0000000018590000,0x0000000018690000] [id=9524]

siginfo: ExceptionCode=0xc0000005, reading address 0x0000000000000074

Registers:
RAX=0x0000000000000000, RBX=0x0000000000000000, RCX=0x0000000000000000, RDX=0x0000000000000000
RSP=0x000000001868f1c0, RBP=0x000000000058d6a0, RSI=0x0000000000000000, RDI=0x0000000000000000
R8 =0x000000000058d6a0, R9 =0x000000000058d6e0, R10=0x0000000000000000, R11=0x0000000000000206
R12=0x0000000000000000, R13=0x000007fffffae000, R14=0x000000000059c280, R15=0x0000000077472e70
RIP=0x000000007736a041, EFLAGS=0x0000000000010206

Top of Stack: (sp=0x000000001868f1c0)
0x000000001868f1c0:   0000000000000000 00000000ff08b94e
0x000000001868f1d0:   0000000000000063 0000000002000002
0x000000001868f1e0:   0000000000000000 000000001e00011f
0x000000001868f1f0:   000007fffffdf000 0000000002000002
0x000000001868f200:   000000001b9d4d00 0000000002000002
0x000000001868f210:   000007fffffdf000 000000000059c280
0x000000001868f220:   00000000005a1a58 0000000000000001
0x000000001868f230:   000000000058d6c0 0000000077141a0a
0x000000001868f240:   00000000000001c2 000007fffffdf000
0x000000001868f250:   00000000000000c6 0000000000000000
0x000000001868f260:   0000000077472e70 000007fecb811149
0x000000001868f270:   0000000077472e70 000007fec28e0000
0x000000001868f280:   0000000077472e70 000007fec28e0000
0x000000001868f290:   000000000058d6c0 000007fecb7ffbef
0x000000001868f2a0:   0000000000000000 0000000000000000
0x000000001868f2b0:   0000000077472e70 000007fec28e0000 

Instructions: (pc=0x000000007736a041)
0x000000007736a021:   53 55 56 57 41 54 48 83 ec 50 33 f6 49 8b e8 8b
0x000000007736a031:   fa 4c 8b e1 48 8b de 4d 85 c0 0f 84 be 05 00 00
0x000000007736a041:   0f ba 61 74 18 0f 82 c0 05 00 00 f6 41 78 01 75
0x000000007736a051:   60 41 f6 c0 0f 75 3f 49 8d 58 f0 0f 0d 0b 80 7b 


Register to memory mapping:

RAX=0x0000000000000000 is an unknown value
RBX=0x0000000000000000 is an unknown value
RCX=0x0000000000000000 is an unknown value
RDX=0x0000000000000000 is an unknown value
RSP=0x000000001868f1c0 is an unknown value
RBP=0x000000000058d6a0 is an unknown value
RSI=0x0000000000000000 is an unknown value
RDI=0x0000000000000000 is an unknown value
R8 =0x000000000058d6a0 is an unknown value
R9 =0x000000000058d6e0 is an unknown value
R10=0x0000000000000000 is an unknown value
R11=0x0000000000000206 is an unknown value
R12=0x0000000000000000 is an unknown value
R13=0x000007fffffae000 is an unknown value
R14=0x000000000059c280 is an unknown value
R15=0x0000000077472e70 is an unknown value


Stack: [0x0000000018590000,0x0000000018690000],  sp=0x000000001868f1c0,  free space=1020k
Native frames: (J=compiled Java code, j=interpreted, Vv=VM code, C=native code)
C  [ntdll.dll+0x2a041]
C  [kernel32.dll+0x21a0a]
C  [atig6txx.dll+0x21149]
C  [atig6txx.dll+0xfbef]
C  [atig6txx.dll+0xf63f]
C  [atig6txx.dll+0xf4c4]
C  [atig6txx.dll+0xa370]
C  [ig75icd64.dll+0x54480b]
C  [ig75icd64.dll+0x5a339f]
C  [ig75icd64.dll+0x55337f]
C  [ig75icd64.dll+0x54288f]
C  [ig75icd64.dll+0x5567ea]
C  [ntdll.dll+0x375eb]
C  [ntdll.dll+0x3c040]
C  [msvcr100.dll+0x20ccd]
V  [jvm.dll+0x212e95]
V  [jvm.dll+0x24c227]
V  [jvm.dll+0x24b4c6]
V  [jvm.dll+0x24b961]
V  [jvm.dll+0x24bb7e]
V  [jvm.dll+0x29cc4a]
C  [msvcr100.dll+0x21d9f]
C  [msvcr100.dll+0x21e3b]
C  [kernel32.dll+0x159cd]
C  [ntdll.dll+0x5383d]

VM_Operation (0x000000001a43ec80): Exit, mode: safepoint, requested by thread 0x0000000019b14800


---------------  P R O C E S S  ---------------

Java Threads: ( => current thread )
  0x0000000019b16000 JavaThread "LWJGL Timer" daemon [_thread_blocked, id=4636, stack(0x000000001d710000,0x000000001d810000)]
  0x0000000019b15000 JavaThread "DestroyJavaVM" [_thread_blocked, id=11576, stack(0x00000000026c0000,0x00000000027c0000)]
  0x0000000019b14800 JavaThread "LWJGL Application" [_thread_blocked, id=6740, stack(0x000000001a340000,0x000000001a440000)]
  0x0000000018b7d000 JavaThread "Service Thread" daemon [_thread_blocked, id=14680, stack(0x0000000019430000,0x0000000019530000)]
  0x000000001763e800 JavaThread "C1 CompilerThread2" daemon [_thread_blocked, id=10692, stack(0x00000000195b0000,0x00000000196b0000)]
  0x0000000017639800 JavaThread "C2 CompilerThread1" daemon [_thread_blocked, id=1556, stack(0x00000000186d0000,0x00000000187d0000)]
  0x0000000018afa000 JavaThread "C2 CompilerThread0" daemon [_thread_blocked, id=5316, stack(0x00000000192e0000,0x00000000193e0000)]
  0x0000000018af8800 JavaThread "Attach Listener" daemon [_thread_blocked, id=15252, stack(0x00000000191c0000,0x00000000192c0000)]
  0x0000000017636000 JavaThread "Signal Dispatcher" daemon [_thread_blocked, id=8840, stack(0x0000000018fc0000,0x00000000190c0000)]
  0x000000001761c000 JavaThread "Finalizer" daemon [_thread_blocked, id=8472, stack(0x00000000189f0000,0x0000000018af0000)]
  0x00000000175d4800 JavaThread "Reference Handler" daemon [_thread_blocked, id=12692, stack(0x0000000018800000,0x0000000018900000)]

Other Threads:
=>0x00000000175cc800 VMThread [stack: 0x0000000018590000,0x0000000018690000] [id=9524]

VM state:at safepoint (shutting down)

VM Mutex/Monitor currently owned by a thread:  ([mutex/lock_event])
[0x00000000022b8900] Threads_lock - owner thread: 0x00000000175cc800

Heap:
 PSYoungGen      total 38400K, used 13520K [0x00000000d5d00000, 0x00000000d8780000, 0x0000000100000000)
  eden space 33280K, 40% used [0x00000000d5d00000,0x00000000d6a343a0,0x00000000d7d80000)
  from space 5120K, 0% used [0x00000000d8280000,0x00000000d8280000,0x00000000d8780000)
  to   space 5120K, 0% used [0x00000000d7d80000,0x00000000d7d80000,0x00000000d8280000)
 ParOldGen       total 87552K, used 0K [0x0000000081600000, 0x0000000086b80000, 0x00000000d5d00000)
  object space 87552K, 0% used [0x0000000081600000,0x0000000081600000,0x0000000086b80000)
 Metaspace       used 6692K, capacity 6907K, committed 7168K, reserved 1056768K
  class space    used 618K, capacity 656K, committed 768K, reserved 1048576K

Card table byte_map: [0x0000000011e50000,0x0000000012250000] byte_map_base: 0x0000000011a45000

Marking Bits: (ParMarkBitMap*) 0x00000000708cf860
 Begin Bits: [0x00000000128f0000, 0x0000000014898000)
 End Bits:   [0x0000000014898000, 0x0000000016840000)

Polling page: 0x0000000000130000

CodeCache: size=245760Kb used=3010Kb max_used=3016Kb free=242749Kb
 bounds [0x0000000002a90000, 0x0000000002d90000, 0x0000000011a90000]
 total_blobs=1154 nmethods=709 adapters=358
 compilation: enabled

Compilation events (10 events):
Event: 33.229 Thread 0x0000000017639800  705       4       dk.sdu.mmmi.cbse.common.data.entityparts.MovingPart::process (361 bytes)
Event: 33.230 Thread 0x0000000018afa000  706       4       org.lwjgl.BufferChecks::checkDirect (24 bytes)
Event: 33.230 Thread 0x0000000018afa000 nmethod 706 0x0000000002d65a10 code [0x0000000002d65b40, 0x0000000002d65bb8]
Event: 33.235 Thread 0x0000000017639800 nmethod 705 0x0000000002d69dd0 code [0x0000000002d69f80, 0x0000000002d6a4e8]
Event: 37.245 Thread 0x000000001763e800  707       3       java.nio.HeapByteBuffer::_put (8 bytes)
Event: 37.245 Thread 0x000000001763e800 nmethod 707 0x0000000002d69a10 code [0x0000000002d69b60, 0x0000000002d69cd0]
Event: 37.245 Thread 0x000000001763e800  708       3       java.nio.HeapByteBuffer::_get (7 bytes)
Event: 37.245 Thread 0x000000001763e800 nmethod 708 0x0000000002d69650 code [0x0000000002d697a0, 0x0000000002d69930]
Event: 38.364 Thread 0x000000001763e800  709       3       java.util.Vector::elementData (7 bytes)
Event: 38.364 Thread 0x000000001763e800 nmethod 709 0x0000000002d69290 code [0x0000000002d693e0, 0x0000000002d69550]

GC Heap History (0 events):
No events

Deoptimization events (0 events):
No events

Classes redefined (0 events):
No events

Internal exceptions (10 events):
Event: 0.206 Thread 0x000000000239e800 Exception <a 'java/security/PrivilegedActionException'> (0x00000000d5f911e8) thrown at [C:\re\workspace\8-2-build-windows-amd64-cygwin\jdk8u161\10277\hotspot\src\share\vm\prims\jvm.cpp, line 1390]
Event: 0.498 Thread 0x000000000239e800 Exception <a 'java/security/PrivilegedActionException'> (0x00000000d61a17e8) thrown at [C:\re\workspace\8-2-build-windows-amd64-cygwin\jdk8u161\10277\hotspot\src\share\vm\prims\jvm.cpp, line 1390]
Event: 0.499 Thread 0x000000000239e800 Exception <a 'java/security/PrivilegedActionException'> (0x00000000d61a34c0) thrown at [C:\re\workspace\8-2-build-windows-amd64-cygwin\jdk8u161\10277\hotspot\src\share\vm\prims\jvm.cpp, line 1390]
Event: 0.499 Thread 0x000000000239e800 Exception <a 'java/security/PrivilegedActionException'> (0x00000000d61a4630) thrown at [C:\re\workspace\8-2-build-windows-amd64-cygwin\jdk8u161\10277\hotspot\src\share\vm\prims\jvm.cpp, line 1390]
Event: 0.500 Thread 0x000000000239e800 Exception <a 'java/security/PrivilegedActionException'> (0x00000000d61a9798) thrown at [C:\re\workspace\8-2-build-windows-amd64-cygwin\jdk8u161\10277\hotspot\src\share\vm\prims\jvm.cpp, line 1390]
Event: 0.500 Thread 0x000000000239e800 Exception <a 'java/security/PrivilegedActionException'> (0x00000000d61aa3f0) thrown at [C:\re\workspace\8-2-build-windows-amd64-cygwin\jdk8u161\10277\hotspot\src\share\vm\prims\jvm.cpp, line 1390]
Event: 0.500 Thread 0x000000000239e800 Exception <a 'java/security/PrivilegedActionException'> (0x00000000d61ab018) thrown at [C:\re\workspace\8-2-build-windows-amd64-cygwin\jdk8u161\10277\hotspot\src\share\vm\prims\jvm.cpp, line 1390]
Event: 0.500 Thread 0x000000000239e800 Exception <a 'java/security/PrivilegedActionException'> (0x00000000d61b22f0) thrown at [C:\re\workspace\8-2-build-windows-amd64-cygwin\jdk8u161\10277\hotspot\src\share\vm\prims\jvm.cpp, line 1390]
Event: 0.500 Thread 0x000000000239e800 Exception <a 'java/security/PrivilegedActionException'> (0x00000000d61b2f48) thrown at [C:\re\workspace\8-2-build-windows-amd64-cygwin\jdk8u161\10277\hotspot\src\share\vm\prims\jvm.cpp, line 1390]
Event: 0.500 Thread 0x000000000239e800 Exception <a 'java/security/PrivilegedActionException'> (0x00000000d61b3b70) thrown at [C:\re\workspace\8-2-build-windows-amd64-cygwin\jdk8u161\10277\hotspot\src\share\vm\prims\jvm.cpp, line 1390]

Events (10 events):
Event: 38.383 loading class java/util/HashMap$Values done
Event: 38.383 loading class java/util/HashMap$ValueIterator
Event: 38.383 loading class java/util/HashMap$ValueIterator done
Event: 38.384 loading class java/util/IdentityHashMap$KeySet
Event: 38.384 loading class java/util/IdentityHashMap$KeySet done
Event: 38.384 loading class java/util/IdentityHashMap$KeyIterator
Event: 38.384 loading class java/util/IdentityHashMap$IdentityHashMapIterator
Event: 38.384 loading class java/util/IdentityHashMap$IdentityHashMapIterator done
Event: 38.384 loading class java/util/IdentityHashMap$KeyIterator done
Event: 38.384 Executing VM operation: Exit


Dynamic libraries:
0x000000013f0f0000 - 0x000000013f127000 	C:\Program Files\Java\jdk1.8.0_161\bin\java.exe
0x0000000077340000 - 0x00000000774df000 	C:\Windows\SYSTEM32\ntdll.dll
0x0000000077120000 - 0x000000007723f000 	C:\Windows\system32\kernel32.dll
0x000007fefd360000 - 0x000007fefd3ca000 	C:\Windows\system32\KERNELBASE.dll
0x000007fefe0e0000 - 0x000007fefe1bb000 	C:\Windows\system32\ADVAPI32.dll
0x000007feff0c0000 - 0x000007feff15f000 	C:\Windows\system32\msvcrt.dll
0x000007feff3e0000 - 0x000007feff3ff000 	C:\Windows\SYSTEM32\sechost.dll
0x000007fefd8b0000 - 0x000007fefd9dd000 	C:\Windows\system32\RPCRT4.dll
0x0000000077240000 - 0x000000007733a000 	C:\Windows\system32\USER32.dll
0x000007feff5c0000 - 0x000007feff627000 	C:\Windows\system32\GDI32.dll
0x000007fefdda0000 - 0x000007fefddae000 	C:\Windows\system32\LPK.dll
0x000007fefdbc0000 - 0x000007fefdc8b000 	C:\Windows\system32\USP10.dll
0x000007fefb690000 - 0x000007fefb884000 	C:\Windows\WinSxS\amd64_microsoft.windows.common-controls_6595b64144ccf1df_6.0.7601.18837_none_fa3b1e3d17594757\COMCTL32.dll
0x000007feff480000 - 0x000007feff4f1000 	C:\Windows\system32\SHLWAPI.dll
0x000007fefdc90000 - 0x000007fefdcbe000 	C:\Windows\system32\IMM32.DLL
0x000007fefe1c0000 - 0x000007fefe2c9000 	C:\Windows\system32\MSCTF.dll
0x0000000056520000 - 0x00000000565f2000 	C:\Program Files\Java\jdk1.8.0_161\jre\bin\msvcr100.dll
0x00000000700b0000 - 0x000000007094f000 	C:\Program Files\Java\jdk1.8.0_161\jre\bin\server\jvm.dll
0x000007fef55c0000 - 0x000007fef55c9000 	C:\Windows\system32\WSOCK32.dll
0x000007fefd9e0000 - 0x000007fefda2d000 	C:\Windows\system32\WS2_32.dll
0x000007fefd6a0000 - 0x000007fefd6a8000 	C:\Windows\system32\NSI.dll
0x000007fefa300000 - 0x000007fefa33b000 	C:\Windows\system32\WINMM.dll
0x000007fefc0f0000 - 0x000007fefc0fc000 	C:\Windows\system32\VERSION.dll
0x00000000774f0000 - 0x00000000774f7000 	C:\Windows\system32\PSAPI.DLL
0x0000000071840000 - 0x000000007184f000 	C:\Program Files\Java\jdk1.8.0_161\jre\bin\verify.dll
0x0000000071490000 - 0x00000000714b9000 	C:\Program Files\Java\jdk1.8.0_161\jre\bin\java.dll
0x0000000071470000 - 0x0000000071486000 	C:\Program Files\Java\jdk1.8.0_161\jre\bin\zip.dll
0x000007fefe2d0000 - 0x000007feff05b000 	C:\Windows\system32\SHELL32.dll
0x000007fefd6b0000 - 0x000007fefd8ad000 	C:\Windows\system32\ole32.dll
0x000007fefd020000 - 0x000007fefd02f000 	C:\Windows\system32\profapi.dll
0x0000000065580000 - 0x000000006561b000 	C:\Users\Stephanie\AppData\Local\Temp\libgdxStephanie\7db4d159\gdx64.dll
0x000007fefca30000 - 0x000007fefca48000 	C:\Windows\system32\CRYPTSP.dll
0x000007fefc520000 - 0x000007fefc567000 	C:\Windows\system32\rsaenh.dll
0x000007fefd310000 - 0x000007fefd32e000 	C:\Windows\system32\USERENV.dll
0x000007fefceb0000 - 0x000007fefcebf000 	C:\Windows\system32\CRYPTBASE.dll
0x0000000071270000 - 0x000000007128a000 	C:\Program Files\Java\jdk1.8.0_161\jre\bin\net.dll
0x000007fefc730000 - 0x000007fefc785000 	C:\Windows\system32\mswsock.dll
0x000007fefc720000 - 0x000007fefc727000 	C:\Windows\System32\wship6.dll
0x000007fef8e40000 - 0x000007fef8e67000 	C:\Windows\system32\IPHLPAPI.DLL
0x000007fef8e30000 - 0x000007fef8e3b000 	C:\Windows\system32\WINNSI.DLL
0x000007fef87f0000 - 0x000007fef8808000 	C:\Windows\system32\dhcpcsvc.DLL
0x000007fef87d0000 - 0x000007fef87e1000 	C:\Windows\system32\dhcpcsvc6.DLL
0x00000000001b0000 - 0x00000000001c1000 	C:\Program Files\Java\jdk1.8.0_161\jre\bin\nio.dll
0x0000000180000000 - 0x0000000180051000 	C:\Users\Stephanie\AppData\Local\Temp\libgdxStephanie\ccd07a7a\lwjgl64.dll
0x000007feeb190000 - 0x000007feeb2ad000 	C:\Windows\system32\OPENGL32.dll
0x000007feecf70000 - 0x000007feecf9d000 	C:\Windows\system32\GLU32.dll
0x000007feeb090000 - 0x000007feeb181000 	C:\Windows\system32\DDRAW.dll
0x000007feecf60000 - 0x000007feecf68000 	C:\Windows\system32\DCIMAN32.dll
0x000007feff160000 - 0x000007feff337000 	C:\Windows\system32\SETUPAPI.dll
0x000007fefd2c0000 - 0x000007fefd2f6000 	C:\Windows\system32\CFGMGR32.dll
0x000007fefdcc0000 - 0x000007fefdd9a000 	C:\Windows\system32\OLEAUT32.dll
0x000007fefd330000 - 0x000007fefd34a000 	C:\Windows\system32\DEVOBJ.dll
0x000007fefbd80000 - 0x000007fefbd98000 	C:\Windows\system32\dwmapi.dll
0x0000000018520000 - 0x0000000018584000 	C:\Users\STEPHA~1\AppData\Local\Temp\libgdxStephanie\ccd07a7a\OpenAL64.dll
0x000007fefb4b0000 - 0x000007fefb506000 	C:\Windows\system32\uxtheme.dll
0x000007feff500000 - 0x000007feff599000 	C:\Windows\system32\CLBCatQ.DLL
0x000007fefb510000 - 0x000007fefb63c000 	C:\Windows\System32\PROPSYS.dll
0x000007fefd050000 - 0x000007fefd08b000 	C:\Windows\system32\WINTRUST.dll
0x000007fefd0a0000 - 0x000007fefd20d000 	C:\Windows\system32\CRYPT32.dll
0x000007fefd010000 - 0x000007fefd01f000 	C:\Windows\system32\MSASN1.dll
0x000007feeab30000 - 0x000007feeabb8000 	C:\Windows\system32\dsound.dll
0x000007fefbda0000 - 0x000007fefbdcc000 	C:\Windows\system32\POWRPROF.dll
0x000007fefb0a0000 - 0x000007fefb0eb000 	C:\Windows\System32\MMDevApi.dll
0x000007fefa050000 - 0x000007fefa09f000 	C:\Windows\system32\AUDIOSES.DLL
0x000007fef9a00000 - 0x000007fef9a29000 	C:\Windows\system32\atig6pxx.dll
0x000007fefbd70000 - 0x000007fefbd73000 	C:\Windows\system32\api-ms-win-core-synch-l1-2-0.DLL
0x000007fee6be0000 - 0x000007fee6d60000 	C:\Windows\system32\atiadlxx.dll
0x000007fefbef0000 - 0x000007fefbf01000 	C:\Windows\system32\WTSAPI32.dll
0x000007fec28e0000 - 0x000007fec320f000 	C:\Windows\system32\ig75icd64.dll
0x000007fee86c0000 - 0x000007fee90a5000 	C:\Windows\system32\igdusc64.dll
0x000007fecb7f0000 - 0x000007fecb82d000 	C:\Windows\system32\atig6txx.dll
0x000007fedddc0000 - 0x000007fedde5c000 	C:\Windows\system32\mscms.dll
0x000007fec7150000 - 0x000007fec7192000 	C:\Windows\system32\icm32.dll
0x000007fef5b70000 - 0x000007fef5c95000 	C:\Windows\system32\dbghelp.dll

VM Arguments:
java_command: dk.sdu.mmmi.cbse.main.Main
java_class_path (initial): C:\Users\Stephanie\Google Drev\_SDU\Civ -(batchelor)  Software Enginere\4. semester\CBSE\portfølge opgave\AsteroidsEntityFramework\Core\target\classes;C:\Users\Stephanie\.m2\repository\com\badlogicgames\gdx\gdx\1.5.0\gdx-1.5.0.jar;C:\Users\Stephanie\.m2\repository\com\badlogicgames\gdx\gdx-platform\1.5.0\gdx-platform-1.5.0-natives-desktop.jar;C:\Users\Stephanie\.m2\repository\com\badlogicgames\gdx\gdx-backend-lwjgl\1.5.0\gdx-backend-lwjgl-1.5.0.jar;C:\Users\Stephanie\.m2\repository\org\lwjgl\lwjgl\lwjgl\2.9.1\lwjgl-2.9.1.jar;C:\Users\Stephanie\.m2\repository\org\lwjgl\lwjgl\lwjgl-platform\2.9.1\lwjgl-platform-2.9.1-natives-windows.jar;C:\Users\Stephanie\.m2\repository\org\lwjgl\lwjgl\lwjgl-platform\2.9.1\lwjgl-platform-2.9.1-natives-linux.jar;C:\Users\Stephanie\.m2\repository\org\lwjgl\lwjgl\lwjgl-platform\2.9.1\lwjgl-platform-2.9.1-natives-osx.jar;C:\Users\Stephanie\.m2\repository\net\java\jinput\jinput\2.0.5\jinput-2.0.5.jar;C:\Users\Stephanie\.m2\repository\net\java\jutils\jutils\1.0.0\jutils-1.0.0.jar;C:\Users\Stephanie\.m2\repository\net\java\jinput\jinput-platform\2.0.5\jinput-platform-2.0.5-natives-linux.jar;C:\Users\Stephanie\.m2\repository\net\java\jinput\jinput-platform\2.0.5\jinput-platform-2.0.5-natives-windows.jar;C:\Users\Stephanie\.m2\repository\net\java\jinput\jinput-platform\2.0.5\jinput-platform-2.0.5-natives-osx.jar;C:\Users\Stephanie\.m2\repository\org\lwjgl\lwjgl\lwjgl_util\2.9.1\lwjgl_util-2.9.1.jar;C:\Users\Stephanie\.m2\repository\com\badlogicgames\jlayer\jlayer\1.0.1-gdx\jlayer-1.0.1-gdx.jar;C:\Users\Stephanie\.m2\repository\org\jcraft\jorbis\0.0.17\jorbis-0.0.17.jar;C:\Users\Stephanie\.m2\repository\com\badlogicgames\gdx\gdx-box2d\1.5.0\gdx-box2d-1.5.0.jar;C:\Users\Stephanie\.m2\repository\com\badlogicgames\gdx\gdx-box2d-platform\1.5.0\gdx-box2d-platform-1.5.0-natives-desktop.jar;C:\Users\Stephanie\.m2\repository\com\badlogicgames\gdx\gdx-freetype\1.5.0\gdx-freetype-1.5.0.jar;C:\Users\Stephanie\.m2\repository\co
Launcher Type: SUN_STANDARD

Environment Variables:
JAVA_HOME=C:\Program Files\Java\jdk1.8.0_161
PATH=C:\Program Files (x86)\Common Files\Oracle\Java\javapath;C:\ProgramData\Oracle\Java\javapath;C:\Program Files (x86)\Intel\iCLS Client\;C:\Program Files\Intel\iCLS Client\;C:\Windows\system32;C:\Windows;C:\Windows\System32\Wbem;C:\Program Files\Intel\Intel(R) Management Engine Components\DAL;C:\Program Files (x86)\Intel\Intel(R) Management Engine Components\DAL;C:\Program Files\Intel\Intel(R) Management Engine Components\IPT;C:\Program Files (x86)\Intel\Intel(R) Management Engine Components\IPT;c:\Program Files (x86)\ATI Technologies\ATI.ACE\Core-Static;C:\Program Files\Microsoft SQL Server\110\Tools\Binn\;C:\Program Files\Intel\WiFi\bin\;C:\Program Files\Common Files\Intel\WirelessCommon\;c:\Program Files (x86)\Microsoft SQL Server\100\Tools\Binn\;c:\Program Files\Microsoft SQL Server\100\Tools\Binn\;c:\Program Files\Microsoft SQL Server\100\DTS\Binn\;c:\Program Files (x86)\Microsoft SQL Server\100\Tools\Binn\VSShell\Common7\IDE\;c:\Program Files (x86)\Microsoft Visual Studio 9.0\Common7\IDE\PrivateAssemblies\;c:\Program Files (x86)\Microsoft SQL Server\100\DTS\Binn\;C:\Program Files\dotnet\;C:\Program Files\Microsoft SQL Server\130\Tools\Binn\;C:\Program Files\PuTTY\;C:\Windows\System32\WindowsPowerShell\v1.0\;C:\Program Files\Intel\WiFi\bin\;C:\Program Files\Common Files\Intel\WirelessCommon\;C:\Users\Stephanie\.dotnet\tools;C:\Users\Stephanie\AppData\Local\Programs\Microsoft VS Code\bin
USERNAME=Stephanie
OS=Windows_NT
PROCESSOR_IDENTIFIER=Intel64 Family 6 Model 60 Stepping 3, GenuineIntel



---------------  S Y S T E M  ---------------

OS: Windows 7 , 64 bit Build 7601 (6.1.7601.24059)

CPU:total 4 (initial active 4) (2 cores per cpu, 2 threads per core) family 6 model 60 stepping 3, cmov, cx8, fxsr, mmx, sse, sse2, sse3, ssse3, sse4.1, sse4.2, popcnt, avx, avx2, aes, clmul, erms, lzcnt, ht, tsc, tscinvbit, bmi1, bmi2

Memory: 4k page, physical 8291492k(353448k free), swap 16581108k(4903352k free)

vm_info: Java HotSpot(TM) 64-Bit Server VM (25.161-b12) for windows-amd64 JRE (1.8.0_161-b12), built on Dec 19 2017 17:52:25 by "java_re" with MS VC++ 10.0 (VS2010)

time: Mon Mar 04 21:20:12 2019
elapsed time: 38 seconds (0d 0h 0m 38s)

