#
# A fatal error has been detected by the Java Runtime Environment:
#
#  EXCEPTION_ACCESS_VIOLATION (0xc0000005) at pc=0x000000007736a041, pid=1248, tid=0x0000000000002080
#
# JRE version: Java(TM) SE Runtime Environment (8.0_161-b12) (build 1.8.0_161-b12)
# Java VM: Java HotSpot(TM) 64-Bit Server VM (25.161-b12 mixed mode windows-amd64 compressed oops)
# Problematic frame:
# C  [ntdll.dll+0x2a041]
#
# Failed to write core dump. Minidumps are not enabled by default on client versions of Windows
#
# If you would like to submit a bug report, please visit:
#   http://bugreport.java.com/bugreport/crash.jsp
#

---------------  T H R E A D  ---------------

Current thread (0x00000000175fd000):  VMThread [stack: 0x0000000018690000,0x0000000018790000] [id=8320]

siginfo: ExceptionCode=0xc0000005, reading address 0x0000000000000074

Registers:
RAX=0x0000000000000000, RBX=0x0000000000000000, RCX=0x0000000000000000, RDX=0x0000000000000000
RSP=0x000000001878f480, RBP=0x000000000041da00, RSI=0x0000000000000000, RDI=0x0000000000000000
R8 =0x000000000041da00, R9 =0x000000000041da40, R10=0x0000000000000000, R11=0x0000000000000206
R12=0x0000000000000000, R13=0x000007fffffae000, R14=0x000000001b0aa4a0, R15=0x0000000077472e70
RIP=0x000000007736a041, EFLAGS=0x0000000000010206

Top of Stack: (sp=0x000000001878f480)
0x000000001878f480:   0000000077472e70 000007fea508b914
0x000000001878f490:   0000000000000055 0000000002000002
0x000000001878f4a0:   000000000035c760 000000007736a4bb
0x000000001878f4b0:   000000000035bd40 000000000035be70
0x000000001878f4c0:   0000000000000225 0000000002000002
0x000000001878f4d0:   000007fffffd7000 000000001b0aa4a0
0x000000001878f4e0:   000000001b0afc78 0000000000000001
0x000000001878f4f0:   000000000041da20 0000000077141a0a
0x000000001878f500:   000007fffffae000 000007fffffd7000
0x000000001878f510:   00000000000000c6 0000000000000000
0x000000001878f520:   0000000077472e70 000007feca361149
0x000000001878f530:   0000000077472e70 000007fec28e0000
0x000000001878f540:   0000000077472e70 000007fec28e0000
0x000000001878f550:   000000000041da20 000007feca34fbef
0x000000001878f560:   0000000000000000 0000000000000000
0x000000001878f570:   0000000077472e70 000007fec28e0000 

Instructions: (pc=0x000000007736a041)
0x000000007736a021:   53 55 56 57 41 54 48 83 ec 50 33 f6 49 8b e8 8b
0x000000007736a031:   fa 4c 8b e1 48 8b de 4d 85 c0 0f 84 be 05 00 00
0x000000007736a041:   0f ba 61 74 18 0f 82 c0 05 00 00 f6 41 78 01 75
0x000000007736a051:   60 41 f6 c0 0f 75 3f 49 8d 58 f0 0f 0d 0b 80 7b 


Register to memory mapping:

RAX=0x0000000000000000 is an unknown value
RBX=0x0000000000000000 is an unknown value
RCX=0x0000000000000000 is an unknown value
RDX=0x0000000000000000 is an unknown value
RSP=0x000000001878f480 is an unknown value
RBP=0x000000000041da00 is an unknown value
RSI=0x0000000000000000 is an unknown value
RDI=0x0000000000000000 is an unknown value
R8 =0x000000000041da00 is an unknown value
R9 =0x000000000041da40 is an unknown value
R10=0x0000000000000000 is an unknown value
R11=0x0000000000000206 is an unknown value
R12=0x0000000000000000 is an unknown value
R13=0x000007fffffae000 is an unknown value
R14=0x000000001b0aa4a0 is an unknown value
R15=0x0000000077472e70 is an unknown value


Stack: [0x0000000018690000,0x0000000018790000],  sp=0x000000001878f480,  free space=1021k
Native frames: (J=compiled Java code, j=interpreted, Vv=VM code, C=native code)
C  [ntdll.dll+0x2a041]
C  [kernel32.dll+0x21a0a]
C  [atig6txx.dll+0x21149]
C  [atig6txx.dll+0xfbef]
C  [atig6txx.dll+0xf63f]
C  [atig6txx.dll+0xf4c4]
C  [atig6txx.dll+0xa370]
C  [ig75icd64.dll+0x54480b]
C  [ig75icd64.dll+0x5a339f]
C  [ig75icd64.dll+0x55337f]
C  [ig75icd64.dll+0x54288f]
C  [ig75icd64.dll+0x5567ea]
C  [ntdll.dll+0x375eb]
C  [ntdll.dll+0x3c040]
C  [msvcr100.dll+0x20ccd]
V  [jvm.dll+0x212e95]
V  [jvm.dll+0x24c227]
V  [jvm.dll+0x24b4c6]
V  [jvm.dll+0x24b961]
V  [jvm.dll+0x24bb7e]
V  [jvm.dll+0x29cc4a]
C  [msvcr100.dll+0x21d9f]
C  [msvcr100.dll+0x21e3b]
C  [kernel32.dll+0x159cd]
C  [ntdll.dll+0x5383d]

VM_Operation (0x000000001a85ed30): Exit, mode: safepoint, requested by thread 0x0000000019aa0800


---------------  P R O C E S S  ---------------

Java Threads: ( => current thread )
  0x0000000019aa2000 JavaThread "LWJGL Timer" daemon [_thread_blocked, id=11008, stack(0x000000001dfb0000,0x000000001e0b0000)]
  0x0000000019aa1000 JavaThread "DestroyJavaVM" [_thread_blocked, id=10696, stack(0x0000000002560000,0x0000000002660000)]
  0x0000000019aa0800 JavaThread "LWJGL Application" [_thread_blocked, id=14744, stack(0x000000001a760000,0x000000001a860000)]
  0x0000000018a60000 JavaThread "Service Thread" daemon [_thread_blocked, id=13592, stack(0x0000000019700000,0x0000000019800000)]
  0x000000001766e000 JavaThread "C1 CompilerThread2" daemon [_thread_blocked, id=10252, stack(0x0000000019570000,0x0000000019670000)]
  0x000000001766d800 JavaThread "C2 CompilerThread1" daemon [_thread_blocked, id=15148, stack(0x00000000193d0000,0x00000000194d0000)]
  0x00000000189db000 JavaThread "C2 CompilerThread0" daemon [_thread_blocked, id=2400, stack(0x0000000019220000,0x0000000019320000)]
  0x00000000189d7800 JavaThread "Attach Listener" daemon [_thread_blocked, id=14472, stack(0x0000000019080000,0x0000000019180000)]
  0x00000000189d6800 JavaThread "Signal Dispatcher" daemon [_thread_blocked, id=10048, stack(0x0000000018e40000,0x0000000018f40000)]
  0x000000001764c000 JavaThread "Finalizer" daemon [_thread_blocked, id=3956, stack(0x0000000018550000,0x0000000018650000)]
  0x0000000017605000 JavaThread "Reference Handler" daemon [_thread_blocked, id=14960, stack(0x00000000188d0000,0x00000000189d0000)]

Other Threads:
=>0x00000000175fd000 VMThread [stack: 0x0000000018690000,0x0000000018790000] [id=8320]

VM state:at safepoint (shutting down)

VM Mutex/Monitor currently owned by a thread:  ([mutex/lock_event])
[0x00000000021c8900] Threads_lock - owner thread: 0x00000000175fd000

Heap:
 PSYoungGen      total 38400K, used 12850K [0x00000000d5d00000, 0x00000000d8780000, 0x0000000100000000)
  eden space 33280K, 38% used [0x00000000d5d00000,0x00000000d698c8b8,0x00000000d7d80000)
  from space 5120K, 0% used [0x00000000d8280000,0x00000000d8280000,0x00000000d8780000)
  to   space 5120K, 0% used [0x00000000d7d80000,0x00000000d7d80000,0x00000000d8280000)
 ParOldGen       total 87552K, used 0K [0x0000000081600000, 0x0000000086b80000, 0x00000000d5d00000)
  object space 87552K, 0% used [0x0000000081600000,0x0000000081600000,0x0000000086b80000)
 Metaspace       used 6623K, capacity 6843K, committed 7168K, reserved 1056768K
  class space    used 618K, capacity 656K, committed 768K, reserved 1048576K

Card table byte_map: [0x0000000011cf0000,0x00000000120f0000] byte_map_base: 0x00000000118e5000

Marking Bits: (ParMarkBitMap*) 0x00000000708cf860
 Begin Bits: [0x0000000012920000, 0x00000000148c8000)
 End Bits:   [0x00000000148c8000, 0x0000000016870000)

Polling page: 0x0000000000330000

CodeCache: size=245760Kb used=2590Kb max_used=2590Kb free=243170Kb
 bounds [0x0000000002930000, 0x0000000002bc0000, 0x0000000011930000]
 total_blobs=1053 nmethods=608 adapters=358
 compilation: enabled

Compilation events (10 events):
Event: 4.754 Thread 0x000000001766e000  604       1       dk.sdu.mmmi.cbse.common.data.entityparts.PositionPart::getX (5 bytes)
Event: 4.754 Thread 0x000000001766e000 nmethod 604 0x0000000002bb6350 code [0x0000000002bb64a0, 0x0000000002bb65b0]
Event: 4.754 Thread 0x000000001766e000  605       1       dk.sdu.mmmi.cbse.common.data.entityparts.PositionPart::getY (5 bytes)
Event: 4.755 Thread 0x000000001766e000 nmethod 605 0x0000000002bb6090 code [0x0000000002bb61e0, 0x0000000002bb62f0]
Event: 4.755 Thread 0x000000001766e000  606       1       dk.sdu.mmmi.cbse.common.data.entityparts.PositionPart::getRadians (5 bytes)
Event: 4.755 Thread 0x000000001766e000 nmethod 606 0x0000000002bb5dd0 code [0x0000000002bb5f20, 0x0000000002bb6030]
Event: 4.771 Thread 0x000000001766e000  607   !   3       org.lwjgl.input.Mouse::next (235 bytes)
Event: 4.772 Thread 0x000000001766e000 nmethod 607 0x0000000002bb7cd0 code [0x0000000002bb7fe0, 0x0000000002bb9808]
Event: 5.035 Thread 0x000000001766e000  608       3       java.util.Vector::elementData (7 bytes)
Event: 5.035 Thread 0x000000001766e000 nmethod 608 0x0000000002bb5a10 code [0x0000000002bb5b60, 0x0000000002bb5cd0]

GC Heap History (0 events):
No events

Deoptimization events (0 events):
No events

Classes redefined (0 events):
No events

Internal exceptions (10 events):
Event: 0.212 Thread 0x000000000231e800 Exception <a 'java/security/PrivilegedActionException'> (0x00000000d5f911e8) thrown at [C:\re\workspace\8-2-build-windows-amd64-cygwin\jdk8u161\10277\hotspot\src\share\vm\prims\jvm.cpp, line 1390]
Event: 0.460 Thread 0x000000000231e800 Exception <a 'java/security/PrivilegedActionException'> (0x00000000d61a2708) thrown at [C:\re\workspace\8-2-build-windows-amd64-cygwin\jdk8u161\10277\hotspot\src\share\vm\prims\jvm.cpp, line 1390]
Event: 0.460 Thread 0x000000000231e800 Exception <a 'java/security/PrivilegedActionException'> (0x00000000d61a43e0) thrown at [C:\re\workspace\8-2-build-windows-amd64-cygwin\jdk8u161\10277\hotspot\src\share\vm\prims\jvm.cpp, line 1390]
Event: 0.460 Thread 0x000000000231e800 Exception <a 'java/security/PrivilegedActionException'> (0x00000000d61a5550) thrown at [C:\re\workspace\8-2-build-windows-amd64-cygwin\jdk8u161\10277\hotspot\src\share\vm\prims\jvm.cpp, line 1390]
Event: 0.460 Thread 0x000000000231e800 Exception <a 'java/security/PrivilegedActionException'> (0x00000000d61aa6b8) thrown at [C:\re\workspace\8-2-build-windows-amd64-cygwin\jdk8u161\10277\hotspot\src\share\vm\prims\jvm.cpp, line 1390]
Event: 0.460 Thread 0x000000000231e800 Exception <a 'java/security/PrivilegedActionException'> (0x00000000d61ab310) thrown at [C:\re\workspace\8-2-build-windows-amd64-cygwin\jdk8u161\10277\hotspot\src\share\vm\prims\jvm.cpp, line 1390]
Event: 0.460 Thread 0x000000000231e800 Exception <a 'java/security/PrivilegedActionException'> (0x00000000d61abf38) thrown at [C:\re\workspace\8-2-build-windows-amd64-cygwin\jdk8u161\10277\hotspot\src\share\vm\prims\jvm.cpp, line 1390]
Event: 0.461 Thread 0x000000000231e800 Exception <a 'java/security/PrivilegedActionException'> (0x00000000d61b3210) thrown at [C:\re\workspace\8-2-build-windows-amd64-cygwin\jdk8u161\10277\hotspot\src\share\vm\prims\jvm.cpp, line 1390]
Event: 0.461 Thread 0x000000000231e800 Exception <a 'java/security/PrivilegedActionException'> (0x00000000d61b3e68) thrown at [C:\re\workspace\8-2-build-windows-amd64-cygwin\jdk8u161\10277\hotspot\src\share\vm\prims\jvm.cpp, line 1390]
Event: 0.461 Thread 0x000000000231e800 Exception <a 'java/security/PrivilegedActionException'> (0x00000000d61b4a90) thrown at [C:\re\workspace\8-2-build-windows-amd64-cygwin\jdk8u161\10277\hotspot\src\share\vm\prims\jvm.cpp, line 1390]

Events (10 events):
Event: 5.051 loading class java/util/HashMap$Values done
Event: 5.051 loading class java/util/HashMap$ValueIterator
Event: 5.051 loading class java/util/HashMap$ValueIterator done
Event: 5.052 loading class java/util/IdentityHashMap$KeySet
Event: 5.052 loading class java/util/IdentityHashMap$KeySet done
Event: 5.052 loading class java/util/IdentityHashMap$KeyIterator
Event: 5.052 loading class java/util/IdentityHashMap$IdentityHashMapIterator
Event: 5.052 loading class java/util/IdentityHashMap$IdentityHashMapIterator done
Event: 5.052 loading class java/util/IdentityHashMap$KeyIterator done
Event: 5.052 Executing VM operation: Exit


Dynamic libraries:
0x000000013f180000 - 0x000000013f1b7000 	C:\Program Files\Java\jdk1.8.0_161\bin\java.exe
0x0000000077340000 - 0x00000000774df000 	C:\Windows\SYSTEM32\ntdll.dll
0x0000000077120000 - 0x000000007723f000 	C:\Windows\system32\kernel32.dll
0x000007fefd360000 - 0x000007fefd3ca000 	C:\Windows\system32\KERNELBASE.dll
0x000007fefe0e0000 - 0x000007fefe1bb000 	C:\Windows\system32\ADVAPI32.dll
0x000007feff0c0000 - 0x000007feff15f000 	C:\Windows\system32\msvcrt.dll
0x000007feff3e0000 - 0x000007feff3ff000 	C:\Windows\SYSTEM32\sechost.dll
0x000007fefd8b0000 - 0x000007fefd9dd000 	C:\Windows\system32\RPCRT4.dll
0x0000000077240000 - 0x000000007733a000 	C:\Windows\system32\USER32.dll
0x000007feff5c0000 - 0x000007feff627000 	C:\Windows\system32\GDI32.dll
0x000007fefdda0000 - 0x000007fefddae000 	C:\Windows\system32\LPK.dll
0x000007fefdbc0000 - 0x000007fefdc8b000 	C:\Windows\system32\USP10.dll
0x000007fefb690000 - 0x000007fefb884000 	C:\Windows\WinSxS\amd64_microsoft.windows.common-controls_6595b64144ccf1df_6.0.7601.18837_none_fa3b1e3d17594757\COMCTL32.dll
0x000007feff480000 - 0x000007feff4f1000 	C:\Windows\system32\SHLWAPI.dll
0x000007fefdc90000 - 0x000007fefdcbe000 	C:\Windows\system32\IMM32.DLL
0x000007fefe1c0000 - 0x000007fefe2c9000 	C:\Windows\system32\MSCTF.dll
0x0000000056520000 - 0x00000000565f2000 	C:\Program Files\Java\jdk1.8.0_161\jre\bin\msvcr100.dll
0x00000000700b0000 - 0x000000007094f000 	C:\Program Files\Java\jdk1.8.0_161\jre\bin\server\jvm.dll
0x000007fef55c0000 - 0x000007fef55c9000 	C:\Windows\system32\WSOCK32.dll
0x000007fefd9e0000 - 0x000007fefda2d000 	C:\Windows\system32\WS2_32.dll
0x000007fefd6a0000 - 0x000007fefd6a8000 	C:\Windows\system32\NSI.dll
0x000007fefa300000 - 0x000007fefa33b000 	C:\Windows\system32\WINMM.dll
0x000007fefc0f0000 - 0x000007fefc0fc000 	C:\Windows\system32\VERSION.dll
0x00000000774f0000 - 0x00000000774f7000 	C:\Windows\system32\PSAPI.DLL
0x0000000071840000 - 0x000000007184f000 	C:\Program Files\Java\jdk1.8.0_161\jre\bin\verify.dll
0x0000000071490000 - 0x00000000714b9000 	C:\Program Files\Java\jdk1.8.0_161\jre\bin\java.dll
0x0000000071470000 - 0x0000000071486000 	C:\Program Files\Java\jdk1.8.0_161\jre\bin\zip.dll
0x000007fefe2d0000 - 0x000007feff05b000 	C:\Windows\system32\SHELL32.dll
0x000007fefd6b0000 - 0x000007fefd8ad000 	C:\Windows\system32\ole32.dll
0x000007fefd020000 - 0x000007fefd02f000 	C:\Windows\system32\profapi.dll
0x0000000065580000 - 0x000000006561b000 	C:\Users\Stephanie\AppData\Local\Temp\libgdxStephanie\7db4d159\gdx64.dll
0x000007fefca30000 - 0x000007fefca48000 	C:\Windows\system32\CRYPTSP.dll
0x000007fefc520000 - 0x000007fefc567000 	C:\Windows\system32\rsaenh.dll
0x000007fefd310000 - 0x000007fefd32e000 	C:\Windows\system32\USERENV.dll
0x000007fefceb0000 - 0x000007fefcebf000 	C:\Windows\system32\CRYPTBASE.dll
0x0000000071270000 - 0x000000007128a000 	C:\Program Files\Java\jdk1.8.0_161\jre\bin\net.dll
0x000007fefc730000 - 0x000007fefc785000 	C:\Windows\system32\mswsock.dll
0x000007fefc720000 - 0x000007fefc727000 	C:\Windows\System32\wship6.dll
0x000007fef8e40000 - 0x000007fef8e67000 	C:\Windows\system32\IPHLPAPI.DLL
0x000007fef8e30000 - 0x000007fef8e3b000 	C:\Windows\system32\WINNSI.DLL
0x000007fef87f0000 - 0x000007fef8808000 	C:\Windows\system32\dhcpcsvc.DLL
0x000007fef87d0000 - 0x000007fef87e1000 	C:\Windows\system32\dhcpcsvc6.DLL
0x0000000002290000 - 0x00000000022a1000 	C:\Program Files\Java\jdk1.8.0_161\jre\bin\nio.dll
0x0000000180000000 - 0x0000000180051000 	C:\Users\Stephanie\AppData\Local\Temp\libgdxStephanie\ccd07a7a\lwjgl64.dll
0x000007feeb190000 - 0x000007feeb2ad000 	C:\Windows\system32\OPENGL32.dll
0x000007feecf70000 - 0x000007feecf9d000 	C:\Windows\system32\GLU32.dll
0x000007feeb090000 - 0x000007feeb181000 	C:\Windows\system32\DDRAW.dll
0x000007feecf60000 - 0x000007feecf68000 	C:\Windows\system32\DCIMAN32.dll
0x000007feff160000 - 0x000007feff337000 	C:\Windows\system32\SETUPAPI.dll
0x000007fefd2c0000 - 0x000007fefd2f6000 	C:\Windows\system32\CFGMGR32.dll
0x000007fefdcc0000 - 0x000007fefdd9a000 	C:\Windows\system32\OLEAUT32.dll
0x000007fefd330000 - 0x000007fefd34a000 	C:\Windows\system32\DEVOBJ.dll
0x000007fefbd80000 - 0x000007fefbd98000 	C:\Windows\system32\dwmapi.dll
0x00000000024b0000 - 0x0000000002514000 	C:\Users\STEPHA~1\AppData\Local\Temp\libgdxStephanie\ccd07a7a\OpenAL64.dll
0x000007fefb4b0000 - 0x000007fefb506000 	C:\Windows\system32\uxtheme.dll
0x000007feff500000 - 0x000007feff599000 	C:\Windows\system32\CLBCatQ.DLL
0x000007fefb510000 - 0x000007fefb63c000 	C:\Windows\System32\PROPSYS.dll
0x000007fefd050000 - 0x000007fefd08b000 	C:\Windows\system32\WINTRUST.dll
0x000007fefd0a0000 - 0x000007fefd20d000 	C:\Windows\system32\CRYPT32.dll
0x000007fefd010000 - 0x000007fefd01f000 	C:\Windows\system32\MSASN1.dll
0x000007feeab30000 - 0x000007feeabb8000 	C:\Windows\system32\dsound.dll
0x000007fefbda0000 - 0x000007fefbdcc000 	C:\Windows\system32\POWRPROF.dll
0x000007fefb0a0000 - 0x000007fefb0eb000 	C:\Windows\System32\MMDevApi.dll
0x000007fefa050000 - 0x000007fefa09f000 	C:\Windows\system32\AUDIOSES.DLL
0x000007fef9a00000 - 0x000007fef9a29000 	C:\Windows\system32\atig6pxx.dll
0x000007fefbd70000 - 0x000007fefbd73000 	C:\Windows\system32\api-ms-win-core-synch-l1-2-0.DLL
0x000007fee6be0000 - 0x000007fee6d60000 	C:\Windows\system32\atiadlxx.dll
0x000007fefbef0000 - 0x000007fefbf01000 	C:\Windows\system32\WTSAPI32.dll
0x000007fec28e0000 - 0x000007fec320f000 	C:\Windows\system32\ig75icd64.dll
0x000007fee86c0000 - 0x000007fee90a5000 	C:\Windows\system32\igdusc64.dll
0x000007feca340000 - 0x000007feca37d000 	C:\Windows\system32\atig6txx.dll
0x000007fedddc0000 - 0x000007fedde5c000 	C:\Windows\system32\mscms.dll
0x000007fec7150000 - 0x000007fec7192000 	C:\Windows\system32\icm32.dll
0x000007fef5b70000 - 0x000007fef5c95000 	C:\Windows\system32\dbghelp.dll

VM Arguments:
java_command: dk.sdu.mmmi.cbse.main.Main
java_class_path (initial): C:\Users\Stephanie\Google Drev\_SDU\Civ -(batchelor)  Software Enginere\4. semester\CBSE\portfølge opgave\AsteroidsEntityFramework\Core\target\classes;C:\Users\Stephanie\.m2\repository\com\badlogicgames\gdx\gdx\1.5.0\gdx-1.5.0.jar;C:\Users\Stephanie\.m2\repository\com\badlogicgames\gdx\gdx-platform\1.5.0\gdx-platform-1.5.0-natives-desktop.jar;C:\Users\Stephanie\.m2\repository\com\badlogicgames\gdx\gdx-backend-lwjgl\1.5.0\gdx-backend-lwjgl-1.5.0.jar;C:\Users\Stephanie\.m2\repository\org\lwjgl\lwjgl\lwjgl\2.9.1\lwjgl-2.9.1.jar;C:\Users\Stephanie\.m2\repository\org\lwjgl\lwjgl\lwjgl-platform\2.9.1\lwjgl-platform-2.9.1-natives-windows.jar;C:\Users\Stephanie\.m2\repository\org\lwjgl\lwjgl\lwjgl-platform\2.9.1\lwjgl-platform-2.9.1-natives-linux.jar;C:\Users\Stephanie\.m2\repository\org\lwjgl\lwjgl\lwjgl-platform\2.9.1\lwjgl-platform-2.9.1-natives-osx.jar;C:\Users\Stephanie\.m2\repository\net\java\jinput\jinput\2.0.5\jinput-2.0.5.jar;C:\Users\Stephanie\.m2\repository\net\java\jutils\jutils\1.0.0\jutils-1.0.0.jar;C:\Users\Stephanie\.m2\repository\net\java\jinput\jinput-platform\2.0.5\jinput-platform-2.0.5-natives-linux.jar;C:\Users\Stephanie\.m2\repository\net\java\jinput\jinput-platform\2.0.5\jinput-platform-2.0.5-natives-windows.jar;C:\Users\Stephanie\.m2\repository\net\java\jinput\jinput-platform\2.0.5\jinput-platform-2.0.5-natives-osx.jar;C:\Users\Stephanie\.m2\repository\org\lwjgl\lwjgl\lwjgl_util\2.9.1\lwjgl_util-2.9.1.jar;C:\Users\Stephanie\.m2\repository\com\badlogicgames\jlayer\jlayer\1.0.1-gdx\jlayer-1.0.1-gdx.jar;C:\Users\Stephanie\.m2\repository\org\jcraft\jorbis\0.0.17\jorbis-0.0.17.jar;C:\Users\Stephanie\.m2\repository\com\badlogicgames\gdx\gdx-box2d\1.5.0\gdx-box2d-1.5.0.jar;C:\Users\Stephanie\.m2\repository\com\badlogicgames\gdx\gdx-box2d-platform\1.5.0\gdx-box2d-platform-1.5.0-natives-desktop.jar;C:\Users\Stephanie\.m2\repository\com\badlogicgames\gdx\gdx-freetype\1.5.0\gdx-freetype-1.5.0.jar;C:\Users\Stephanie\.m2\repository\co
Launcher Type: SUN_STANDARD

Environment Variables:
JAVA_HOME=C:\Program Files\Java\jdk1.8.0_161
PATH=C:\Program Files (x86)\Common Files\Oracle\Java\javapath;C:\ProgramData\Oracle\Java\javapath;C:\Program Files (x86)\Intel\iCLS Client\;C:\Program Files\Intel\iCLS Client\;C:\Windows\system32;C:\Windows;C:\Windows\System32\Wbem;C:\Program Files\Intel\Intel(R) Management Engine Components\DAL;C:\Program Files (x86)\Intel\Intel(R) Management Engine Components\DAL;C:\Program Files\Intel\Intel(R) Management Engine Components\IPT;C:\Program Files (x86)\Intel\Intel(R) Management Engine Components\IPT;c:\Program Files (x86)\ATI Technologies\ATI.ACE\Core-Static;C:\Program Files\Microsoft SQL Server\110\Tools\Binn\;C:\Program Files\Intel\WiFi\bin\;C:\Program Files\Common Files\Intel\WirelessCommon\;c:\Program Files (x86)\Microsoft SQL Server\100\Tools\Binn\;c:\Program Files\Microsoft SQL Server\100\Tools\Binn\;c:\Program Files\Microsoft SQL Server\100\DTS\Binn\;c:\Program Files (x86)\Microsoft SQL Server\100\Tools\Binn\VSShell\Common7\IDE\;c:\Program Files (x86)\Microsoft Visual Studio 9.0\Common7\IDE\PrivateAssemblies\;c:\Program Files (x86)\Microsoft SQL Server\100\DTS\Binn\;C:\Program Files\dotnet\;C:\Program Files\Microsoft SQL Server\130\Tools\Binn\;C:\Program Files\PuTTY\;C:\Windows\System32\WindowsPowerShell\v1.0\;C:\Program Files\Intel\WiFi\bin\;C:\Program Files\Common Files\Intel\WirelessCommon\;C:\Users\Stephanie\.dotnet\tools;C:\Users\Stephanie\AppData\Local\Programs\Microsoft VS Code\bin
USERNAME=Stephanie
OS=Windows_NT
PROCESSOR_IDENTIFIER=Intel64 Family 6 Model 60 Stepping 3, GenuineIntel



---------------  S Y S T E M  ---------------

OS: Windows 7 , 64 bit Build 7601 (6.1.7601.24059)

CPU:total 4 (initial active 4) (2 cores per cpu, 2 threads per core) family 6 model 60 stepping 3, cmov, cx8, fxsr, mmx, sse, sse2, sse3, ssse3, sse4.1, sse4.2, popcnt, avx, avx2, aes, clmul, erms, lzcnt, ht, tsc, tscinvbit, bmi1, bmi2

Memory: 4k page, physical 8291492k(541600k free), swap 16581108k(5094260k free)

vm_info: Java HotSpot(TM) 64-Bit Server VM (25.161-b12) for windows-amd64 JRE (1.8.0_161-b12), built on Dec 19 2017 17:52:25 by "java_re" with MS VC++ 10.0 (VS2010)

time: Mon Mar 04 21:16:46 2019
elapsed time: 5 seconds (0d 0h 0m 5s)

